# JRE version: Java(TM) SE Runtime Environment (8.0_60-b27) (build 1.8.0_60-b27)
# Java VM: Java HotSpot(TM) Server VM (25.60-b23 mixed mode linux-x86 )
Heap:
 PSYoungGen      total 349696K, used 2453K [0xc7000000, 0xe7000000, 0xe7000000)
  eden space 175104K, 0% used [0xc7000000,0xc7000000,0xd1b00000)
  from space 174592K, 1% used [0xdc580000,0xdc7e5580,0xe7000000)
  to   space 174592K, 0% used [0xd1b00000,0xd1b00000,0xdc580000)
 ParOldGen       total 644096K, used 643942K [0x87000000, 0xae500000, 0xc7000000)
  object space 644096K, 99% used [0x87000000,0xae4d9908,0xae500000)
 Metaspace       used 52517K, capacity 54428K, committed 54528K, reserved 54576K
GC Heap History (10 events):
Event: 2187,794 GC heap after
Heap after GC invocations=261 (full 32):
 PSYoungGen      total 349696K, used 96092K [0xc7000000, 0xe7000000, 0xe7000000)
  eden space 175104K, 0% used [0xc7000000,0xc7000000,0xd1b00000)
  from space 174592K, 55% used [0xdc580000,0xe2357140,0xe7000000)
  to   space 174592K, 0% used [0xd1b00000,0xd1b00000,0xdc580000)
 ParOldGen       total 533760K, used 321902K [0x87000000, 0xa7940000, 0xc7000000)
  object space 533760K, 60% used [0x87000000,0x9aa5ba48,0xa7940000)
 Metaspace       used 52563K, capacity 54503K, committed 54528K, reserved 54576K
}
Event: 2188,009 GC heap before
{Heap before GC invocations=262 (full 32):
 PSYoungGen      total 349696K, used 271196K [0xc7000000, 0xe7000000, 0xe7000000)
  eden space 175104K, 100% used [0xc7000000,0xd1b00000,0xd1b00000)
  from space 174592K, 55% used [0xdc580000,0xe2357140,0xe7000000)
  to   space 174592K, 0% used [0xd1b00000,0xd1b00000,0xdc580000)
 ParOldGen       total 533760K, used 321902K [0x87000000, 0xa7940000, 0xc7000000)
  object space 533760K, 60% used [0x87000000,0x9aa5ba48,0xa7940000)
 Metaspace       used 52563K, capacity 54503K, committed 54528K, reserved 54576K
Event: 2188,173 GC heap after
Heap after GC invocations=262 (full 32):
 PSYoungGen      total 349696K, used 86176K [0xc7000000, 0xe7000000, 0xe7000000)
  eden space 175104K, 0% used [0xc7000000,0xc7000000,0xd1b00000)
  from space 174592K, 49% used [0xd1b00000,0xd6f28090,0xdc580000)
  to   space 174592K, 0% used [0xdc580000,0xdc580000,0xe7000000)
 ParOldGen       total 533760K, used 357363K [0x87000000, 0xa7940000, 0xc7000000)
  object space 533760K, 66% used [0x87000000,0x9ccfcc80,0xa7940000)
 Metaspace       used 52563K, capacity 54503K, committed 54528K, reserved 54576K
}
Event: 2189,153 GC heap before
{Heap before GC invocations=263 (full 32):
 PSYoungGen      total 349696K, used 261280K [0xc7000000, 0xe7000000, 0xe7000000)
  eden space 175104K, 100% used [0xc7000000,0xd1b00000,0xd1b00000)
  from space 174592K, 49% used [0xd1b00000,0xd6f28090,0xdc580000)
  to   space 174592K, 0% used [0xdc580000,0xdc580000,0xe7000000)
 ParOldGen       total 533760K, used 357363K [0x87000000, 0xa7940000, 0xc7000000)
  object space 533760K, 66% used [0x87000000,0x9ccfcc80,0xa7940000)
 Metaspace       used 52563K, capacity 54503K, committed 54528K, reserved 54576K
Event: 2189,256 GC heap after
Heap after GC invocations=263 (full 32):
 PSYoungGen      total 349696K, used 126947K [0xc7000000, 0xe7000000, 0xe7000000)
  eden space 175104K, 0% used [0xc7000000,0xc7000000,0xd1b00000)
  from space 174592K, 72% used [0xdc580000,0xe4178d80,0xe7000000)
  to   space 174592K, 0% used [0xd1b00000,0xd1b00000,0xdc580000)
 ParOldGen       total 533760K, used 393482K [0x87000000, 0xa7940000, 0xc7000000)
  object space 533760K, 73% used [0x87000000,0x9f0428f0,0xa7940000)
 Metaspace       used 52563K, capacity 54503K, committed 54528K, reserved 54576K
}
Event: 2189,437 GC heap before
{Heap before GC invocations=264 (full 32):
 PSYoungGen      total 349696K, used 302051K [0xc7000000, 0xe7000000, 0xe7000000)
  eden space 175104K, 100% used [0xc7000000,0xd1b00000,0xd1b00000)
  from space 174592K, 72% used [0xdc580000,0xe4178d80,0xe7000000)
  to   space 174592K, 0% used [0xd1b00000,0xd1b00000,0xdc580000)
 ParOldGen       total 533760K, used 393482K [0x87000000, 0xa7940000, 0xc7000000)
  object space 533760K, 73% used [0x87000000,0x9f0428f0,0xa7940000)
 Metaspace       used 52563K, capacity 54503K, committed 54528K, reserved 54576K
Event: 2191,646 GC heap after
Heap after GC invocations=264 (full 32):
 PSYoungGen      total 349696K, used 171336K [0xc7000000, 0xe7000000, 0xe7000000)
  eden space 175104K, 0% used [0xc7000000,0xc7000000,0xd1b00000)
  from space 174592K, 98% used [0xd1b00000,0xdc252298,0xdc580000)
  to   space 174592K, 0% used [0xdc580000,0xdc580000,0xe7000000)
 ParOldGen       total 533760K, used 441502K [0x87000000, 0xa7940000, 0xc7000000)
  object space 533760K, 82% used [0x87000000,0xa1f27950,0xa7940000)
 Metaspace       used 52563K, capacity 54503K, committed 54528K, reserved 54576K
}
Event: 2191,822 GC heap before
{Heap before GC invocations=265 (full 32):
 PSYoungGen      total 349696K, used 346440K [0xc7000000, 0xe7000000, 0xe7000000)
  eden space 175104K, 100% used [0xc7000000,0xd1b00000,0xd1b00000)
  from space 174592K, 98% used [0xd1b00000,0xdc252298,0xdc580000)
  to   space 174592K, 0% used [0xdc580000,0xdc580000,0xe7000000)
 ParOldGen       total 533760K, used 441502K [0x87000000, 0xa7940000, 0xc7000000)
  object space 533760K, 82% used [0x87000000,0xa1f27950,0xa7940000)
 Metaspace       used 52563K, capacity 54503K, committed 54528K, reserved 54576K
Event: 2209,391 GC heap after
Heap after GC invocations=265 (full 32):
 PSYoungGen      total 349696K, used 49606K [0xc7000000, 0xe7000000, 0xe7000000)
  eden space 175104K, 0% used [0xc7000000,0xc7000000,0xd1b00000)
  from space 174592K, 28% used [0xdc580000,0xdf5f1b50,0xe7000000)
  to   space 174592K, 0% used [0xd1b00000,0xd1b00000,0xdc580000)
 ParOldGen       total 644096K, used 643613K [0x87000000, 0xae500000, 0xc7000000)
  object space 644096K, 99% used [0x87000000,0xae487620,0xae500000)
 Metaspace       used 52563K, capacity 54503K, committed 54528K, reserved 54576K
}
Event: 2209,391 GC heap before
{Heap before GC invocations=266 (full 33):
 PSYoungGen      total 349696K, used 49606K [0xc7000000, 0xe7000000, 0xe7000000)
  eden space 175104K, 0% used [0xc7000000,0xc7000000,0xd1b00000)
  from space 174592K, 28% used [0xdc580000,0xdf5f1b50,0xe7000000)
  to   space 174592K, 0% used [0xd1b00000,0xd1b00000,0xdc580000)
 ParOldGen       total 644096K, used 643613K [0x87000000, 0xae500000, 0xc7000000)
  object space 644096K, 99% used [0x87000000,0xae487620,0xae500000)
 Metaspace       used 52563K, capacity 54503K, committed 54528K, reserved 54576K

