# JRE version: Java(TM) SE Runtime Environment (8.0_60-b27) (build 1.8.0_60-b27)
# Java VM: Java HotSpot(TM) Server VM (25.60-b23 mixed mode linux-x86 )
Heap:
 PSYoungGen      total 349696K, used 0K [0xc7000000, 0xe7000000, 0xe7000000)
  eden space 175104K, 0% used [0xc7000000,0xc7000000,0xd1b00000)
  from space 174592K, 0% used [0xdc580000,0xdc580000,0xe7000000)
  to   space 174592K, 15% used [0xd1b00000,0xd3626808,0xdc580000)
 ParOldGen       total 604928K, used 604757K [0x87000000, 0xabec0000, 0xc7000000)
  object space 604928K, 99% used [0x87000000,0xabe95498,0xabec0000)
 Metaspace       used 54607K, capacity 57018K, committed 57216K, reserved 57648K
GC Heap History (10 events):
Event: 3204,313 GC heap after
Heap after GC invocations=159 (full 28):
 PSYoungGen      total 349696K, used 27368K [0xc7000000, 0xe7000000, 0xe7000000)
  eden space 175104K, 0% used [0xc7000000,0xc7000000,0xd1b00000)
  from space 174592K, 15% used [0xd1b00000,0xd35ba2a8,0xdc580000)
  to   space 174592K, 0% used [0xdc580000,0xdc580000,0xe7000000)
 ParOldGen       total 565248K, used 402892K [0x87000000, 0xa9800000, 0xc7000000)
  object space 565248K, 71% used [0x87000000,0x9f973380,0xa9800000)
 Metaspace       used 54625K, capacity 57058K, committed 57216K, reserved 57648K
}
Event: 3204,839 GC heap before
{Heap before GC invocations=160 (full 28):
 PSYoungGen      total 349696K, used 202472K [0xc7000000, 0xe7000000, 0xe7000000)
  eden space 175104K, 100% used [0xc7000000,0xd1b00000,0xd1b00000)
  from space 174592K, 15% used [0xd1b00000,0xd35ba2a8,0xdc580000)
  to   space 174592K, 0% used [0xdc580000,0xdc580000,0xe7000000)
 ParOldGen       total 565248K, used 402892K [0x87000000, 0xa9800000, 0xc7000000)
  object space 565248K, 71% used [0x87000000,0x9f973380,0xa9800000)
 Metaspace       used 54625K, capacity 57058K, committed 57216K, reserved 57648K
Event: 3204,891 GC heap after
Heap after GC invocations=160 (full 28):
 PSYoungGen      total 349696K, used 25532K [0xc7000000, 0xe7000000, 0xe7000000)
  eden space 175104K, 0% used [0xc7000000,0xc7000000,0xd1b00000)
  from space 174592K, 14% used [0xdc580000,0xdde6f2c8,0xe7000000)
  to   space 174592K, 0% used [0xd1b00000,0xd1b00000,0xdc580000)
 ParOldGen       total 565248K, used 429112K [0x87000000, 0xa9800000, 0xc7000000)
  object space 565248K, 75% used [0x87000000,0xa130e078,0xa9800000)
 Metaspace       used 54625K, capacity 57058K, committed 57216K, reserved 57648K
}
Event: 3210,083 GC heap before
{Heap before GC invocations=161 (full 28):
 PSYoungGen      total 349696K, used 200636K [0xc7000000, 0xe7000000, 0xe7000000)
  eden space 175104K, 100% used [0xc7000000,0xd1b00000,0xd1b00000)
  from space 174592K, 14% used [0xdc580000,0xdde6f2c8,0xe7000000)
  to   space 174592K, 0% used [0xd1b00000,0xd1b00000,0xdc580000)
 ParOldGen       total 565248K, used 429112K [0x87000000, 0xa9800000, 0xc7000000)
  object space 565248K, 75% used [0x87000000,0xa130e078,0xa9800000)
 Metaspace       used 54625K, capacity 57058K, committed 57216K, reserved 57648K
Event: 3210,141 GC heap after
Heap after GC invocations=161 (full 28):
 PSYoungGen      total 349696K, used 36518K [0xc7000000, 0xe7000000, 0xe7000000)
  eden space 175104K, 0% used [0xc7000000,0xc7000000,0xd1b00000)
  from space 174592K, 20% used [0xd1b00000,0xd3ea9b80,0xdc580000)
  to   space 174592K, 0% used [0xdc580000,0xdc580000,0xe7000000)
 ParOldGen       total 565248K, used 453463K [0x87000000, 0xa9800000, 0xc7000000)
  object space 565248K, 80% used [0x87000000,0xa2ad5fd0,0xa9800000)
 Metaspace       used 54625K, capacity 57058K, committed 57216K, reserved 57648K
}
Event: 3210,545 GC heap before
{Heap before GC invocations=162 (full 28):
 PSYoungGen      total 349696K, used 211622K [0xc7000000, 0xe7000000, 0xe7000000)
  eden space 175104K, 100% used [0xc7000000,0xd1b00000,0xd1b00000)
  from space 174592K, 20% used [0xd1b00000,0xd3ea9b80,0xdc580000)
  to   space 174592K, 0% used [0xdc580000,0xdc580000,0xe7000000)
 ParOldGen       total 565248K, used 453463K [0x87000000, 0xa9800000, 0xc7000000)
  object space 565248K, 80% used [0x87000000,0xa2ad5fd0,0xa9800000)
 Metaspace       used 54625K, capacity 57058K, committed 57216K, reserved 57648K
Event: 3210,613 GC heap after
Heap after GC invocations=162 (full 28):
 PSYoungGen      total 349696K, used 100815K [0xc7000000, 0xe7000000, 0xe7000000)
  eden space 175104K, 0% used [0xc7000000,0xc7000000,0xd1b00000)
  from space 174592K, 57% used [0xdc580000,0xe27f3dc0,0xe7000000)
  to   space 174592K, 0% used [0xd1b00000,0xd1b00000,0xdc580000)
 ParOldGen       total 565248K, used 482832K [0x87000000, 0xa9800000, 0xc7000000)
  object space 565248K, 85% used [0x87000000,0xa4784308,0xa9800000)
 Metaspace       used 54625K, capacity 57058K, committed 57216K, reserved 57648K
}
Event: 3210,786 GC heap before
{Heap before GC invocations=163 (full 28):
 PSYoungGen      total 349696K, used 275919K [0xc7000000, 0xe7000000, 0xe7000000)
  eden space 175104K, 100% used [0xc7000000,0xd1b00000,0xd1b00000)
  from space 174592K, 57% used [0xdc580000,0xe27f3dc0,0xe7000000)
  to   space 174592K, 0% used [0xd1b00000,0xd1b00000,0xdc580000)
 ParOldGen       total 565248K, used 482832K [0x87000000, 0xa9800000, 0xc7000000)
  object space 565248K, 85% used [0x87000000,0xa4784308,0xa9800000)
 Metaspace       used 54625K, capacity 57058K, committed 57216K, reserved 57648K
Event: 3227,844 GC heap after
Heap after GC invocations=163 (full 28):
 PSYoungGen      total 349696K, used 275919K [0xc7000000, 0xe7000000, 0xe7000000)
  eden space 175104K, 100% used [0xc7000000,0xd1b00000,0xd1b00000)
  from space 174592K, 57% used [0xdc580000,0xe27f3dc0,0xe7000000)
  to   space 174592K, 34% used [0xd1b00000,0xd553e3e0,0xdc580000)
 ParOldGen       total 604928K, used 604594K [0x87000000, 0xabec0000, 0xc7000000)
  object space 604928K, 99% used [0x87000000,0xabe6ca80,0xabec0000)
 Metaspace       used 54625K, capacity 57058K, committed 57216K, reserved 57648K
}
Event: 3227,844 GC heap before
{Heap before GC invocations=164 (full 29):
 PSYoungGen      total 349696K, used 275919K [0xc7000000, 0xe7000000, 0xe7000000)
  eden space 175104K, 100% used [0xc7000000,0xd1b00000,0xd1b00000)
  from space 174592K, 57% used [0xdc580000,0xe27f3dc0,0xe7000000)
  to   space 174592K, 34% used [0xd1b00000,0xd553e3e0,0xdc580000)
 ParOldGen       total 604928K, used 604594K [0x87000000, 0xabec0000, 0xc7000000)
  object space 604928K, 99% used [0x87000000,0xabe6ca80,0xabec0000)
 Metaspace       used 54625K, capacity 57058K, committed 57216K, reserved 57648K

